INFO Starting up...
INFO Ready! Listening to midi, press enter to exit.
INFO Set volume! sink=dc-source volume=0.007874016
INFO Set volume! sink=dc-source volume=0.015748031
INFO Set volume! sink=dc-source volume=0.023622047
INFO Set volume! sink=dc-source volume=0.031496063
INFO Set volume! sink=dc-source volume=0.03937008
INFO Set volume! sink=dc-source volume=0.047244094
INFO Set volume! sink=dc-source volume=0.05511811
INFO Set volume! sink=dc-source volume=0.062992126
INFO Set volume! sink=dc-source volume=0.07874016
INFO Set volume! sink=dc-source volume=0.08661418
INFO Set volume! sink=dc-source volume=0.09448819
INFO Set volume! sink=dc-source volume=0.10236221
INFO Set volume! sink=dc-source volume=0.11023622
INFO Set volume! sink=dc-source volume=0.11811024
INFO Set volume! sink=dc-source volume=0.13385826
INFO Set volume! sink=dc-source volume=0.14173229
INFO Set volume! sink=dc-source volume=0.1496063
INFO Set volume! sink=dc-source volume=0.15748031
INFO Set volume! sink=dc-source volume=0.17322835
INFO Set volume! sink=dc-source volume=0.18110237
INFO Set volume! sink=dc-source volume=0.18897638
INFO Set volume! sink=dc-source volume=0.19685039
INFO Set volume! sink=dc-source volume=0.20472442
INFO Set volume! sink=dc-source volume=0.21259843
INFO Set volume! sink=dc-source volume=0.22834645
INFO Set volume! sink=dc-source volume=0.23622048
INFO Set volume! sink=dc-source volume=0.24409449
INFO Set volume! sink=dc-source volume=0.25984251
INFO Set volume! sink=dc-source volume=0.26771653
INFO Set volume! sink=dc-source volume=0.27559054
INFO Set volume! sink=dc-source volume=0.28346458
INFO Set volume! sink=dc-source volume=0.2913386
INFO Set volume! sink=dc-source volume=0.30708662
INFO Set volume! sink=dc-source volume=0.31496063
INFO Set volume! sink=dc-source volume=0.32283464
INFO Set volume! sink=dc-source volume=0.33070865
INFO Set volume! sink=dc-source volume=0.3464567
INFO Set volume! sink=dc-source volume=0.35433072
INFO Set volume! sink=dc-source volume=0.36220473
INFO Set volume! sink=dc-source volume=0.37007874
INFO Set volume! sink=dc-source volume=0.37795275
INFO Set volume! sink=dc-source volume=0.39370078
INFO Set volume! sink=dc-source volume=0.4015748
INFO Set volume! sink=dc-source volume=0.40944883
INFO Set volume! sink=dc-source volume=0.42519686
INFO Set volume! sink=dc-source volume=0.43307087
INFO Set volume! sink=dc-source volume=0.44094488
INFO Set volume! sink=dc-source volume=0.4488189
INFO Set volume! sink=dc-source volume=0.46456692
INFO Set volume! sink=dc-source volume=0.47244096
INFO Set volume! sink=dc-source volume=0.48031497
INFO Set volume! sink=dc-source volume=0.48818898
INFO Set volume! sink=dc-source volume=0.496063
INFO Set volume! sink=dc-source volume=0.511811
INFO Set volume! sink=dc-source volume=0.51968503
INFO Set volume! sink=dc-source volume=0.52755904
INFO Set volume! sink=dc-source volume=0.53543305
INFO Set volume! sink=dc-source volume=0.5511811
INFO Set volume! sink=dc-source volume=0.5590551
INFO Set volume! sink=dc-source volume=0.56692916
INFO Set volume! sink=dc-source volume=0.5748032
INFO Set volume! sink=dc-source volume=0.5826772
INFO Set volume! sink=dc-source volume=0.5905512
INFO Set volume! sink=dc-source volume=0.5984252
INFO Set volume! sink=dc-source volume=0.6062992
INFO Set volume! sink=dc-source volume=0.61417323
INFO Set volume! sink=dc-source volume=0.62204725
INFO Set volume! sink=dc-source volume=0.62992126
INFO Set volume! sink=dc-source volume=0.6456693
INFO Set volume! sink=dc-source volume=0.6535433
INFO Set volume! sink=dc-source volume=0.6614173
INFO Set volume! sink=dc-source volume=0.6692913
INFO Set volume! sink=dc-source volume=0.6771653
INFO Set volume! sink=dc-source volume=0.68503934
INFO Set volume! sink=dc-source volume=0.6929134
INFO Set volume! sink=dc-source volume=0.70866144
INFO Set volume! sink=dc-source volume=0.71653545
INFO Set volume! sink=dc-source volume=0.72440946
INFO Set volume! sink=dc-source volume=0.7401575
INFO Set volume! sink=dc-source volume=0.7480315
INFO Set volume! sink=dc-source volume=0.7637795
INFO Set volume! sink=dc-source volume=0.77165353
INFO Set volume! sink=dc-source volume=0.77952754
INFO Set volume! sink=dc-source volume=0.79527557
INFO Set volume! sink=dc-source volume=0.8031496
INFO Set volume! sink=dc-source volume=0.81889766
INFO Set volume! sink=dc-source volume=0.8267717
INFO Set volume! sink=dc-source volume=0.8346457
INFO Set volume! sink=dc-source volume=0.8503937
INFO Set volume! sink=dc-source volume=0.8582677
INFO Set volume! sink=dc-source volume=0.87401575
INFO Set volume! sink=dc-source volume=0.88188976
INFO Set volume! sink=dc-source volume=0.8976378
INFO Set volume! sink=dc-source volume=0.9055118
INFO Set volume! sink=dc-source volume=0.9133858
INFO Set volume! sink=dc-source volume=0.92913383
INFO Set volume! sink=dc-source volume=0.93700784
INFO Set volume! sink=dc-source volume=0.9448819
INFO Set volume! sink=dc-source volume=0.9527559
INFO Set volume! sink=dc-source volume=0.96062994
INFO Set volume! sink=dc-source volume=0.96850395
INFO Set volume! sink=dc-source volume=0.984252
INFO Set volume! sink=dc-source volume=0.992126
INFO Set volume! sink=dc-source volume=1
INFO $XDG_DATA_HOME
INFO Starting up...
INFO Ready! Listening to midi, press enter to exit.
